<?xml version="1.0" encoding="UTF-8"?>
<!-- Generated by org.testng.reporters.JUnitXMLReporter -->
<testsuite ignored="1" hostname="Yelatis-MacBook-Pro.local" failures="0" tests="1" name="Default test" time="8.088" errors="0" timestamp="2024-02-03T19:13:01 IST">
  <testcase classname="com.org.scripts.Login_LogoutTest" name="Login_LogoutTestcase" time="5.421"/>
  <testcase classname="com.org.scripts.Login_LogoutTest" name="addinguser" time="0.0">
    <ignored/>
  </testcase> <!-- addinguser -->
</testsuite> <!-- Default test -->
