<?xml version="1.0" encoding="UTF-8"?>
<testng-results ignored="1" total="2" passed="1" failed="0" skipped="0">
  <reporter-output>
  </reporter-output>
  <suite started-at="2024-02-03T19:12:53 IST" name="Default suite" finished-at="2024-02-03T19:13:01 IST" duration-ms="8088">
    <groups>
    </groups>
    <test started-at="2024-02-03T19:12:53 IST" name="Default test" finished-at="2024-02-03T19:13:01 IST" duration-ms="8088">
      <class name="com.org.scripts.Login_LogoutTest">
        <test-method is-config="true" signature="generateReport()[pri:0, instance:com.org.scripts.Login_LogoutTest@298a5e20]" started-at="2024-02-03T19:12:53 IST" name="generateReport" finished-at="2024-02-03T19:12:53 IST" duration-ms="290" status="PASS">
          <reporter-output>
          </reporter-output>
        </test-method> <!-- generateReport -->
        <test-method is-config="true" signature="beforeClass()[pri:0, instance:com.org.scripts.Login_LogoutTest@298a5e20]" started-at="2024-02-03T19:12:53 IST" name="beforeClass" finished-at="2024-02-03T19:12:55 IST" duration-ms="1590" status="PASS">
          <reporter-output>
          </reporter-output>
        </test-method> <!-- beforeClass -->
        <test-method is-config="true" signature="methodName(java.lang.reflect.Method)[pri:0, instance:com.org.scripts.Login_LogoutTest@298a5e20]" started-at="2024-02-03T19:12:55 IST" name="methodName" finished-at="2024-02-03T19:12:55 IST" duration-ms="4" status="PASS">
          <params>
            <param index="0">
              <value>
                <![CDATA[public void com.org.scripts.Login_LogoutTest.Login_LogoutTestcase() throws java.lang.Throwable]]>
              </value>
            </param>
          </params>
          <reporter-output>
          </reporter-output>
        </test-method> <!-- methodName -->
        <test-method signature="Login_LogoutTestcase()[pri:0, instance:com.org.scripts.Login_LogoutTest@298a5e20]" started-at="2024-02-03T19:12:55 IST" name="Login_LogoutTestcase" finished-at="2024-02-03T19:13:00 IST" duration-ms="5421" status="PASS">
          <reporter-output>
          </reporter-output>
        </test-method> <!-- Login_LogoutTestcase -->
        <test-method is-config="true" signature="afterClass()[pri:0, instance:com.org.scripts.Login_LogoutTest@298a5e20]" started-at="2024-02-03T19:13:00 IST" name="afterClass" finished-at="2024-02-03T19:13:01 IST" duration-ms="706" status="PASS">
          <reporter-output>
          </reporter-output>
        </test-method> <!-- afterClass -->
      </class> <!-- com.org.scripts.Login_LogoutTest -->
    </test> <!-- Default test -->
  </suite> <!-- Default suite -->
</testng-results>
